<?xml version="1.0" encoding="UTF-8"?>
<testng-results skipped="0" failed="0" ignored="0" total="1" passed="1">
  <reporter-output>
  </reporter-output>
  <suite name="Default suite" duration-ms="44" started-at="2017-10-13T02:34:01Z" finished-at="2017-10-13T02:34:01Z">
    <groups>
    </groups>
    <test name="Default test" duration-ms="44" started-at="2017-10-13T02:34:01Z" finished-at="2017-10-13T02:34:01Z">
      <class name="com.usa.ttech.student.automation.a">
        <test-method status="PASS" signature="value()[pri:0, instance:com.usa.ttech.student.automation.a@10bdf5e5]" name="value" duration-ms="14" started-at="2017-10-12T22:34:01Z" finished-at="2017-10-12T22:34:01Z">
          <reporter-output>
          </reporter-output>
        </test-method> <!-- value -->
      </class> <!-- com.usa.ttech.student.automation.a -->
    </test> <!-- Default test -->
  </suite> <!-- Default suite -->
</testng-results>
